# JRE version: OpenJDK Runtime Environment (17.0.11) (build 17.0.11+0--11852314)
# Java VM: OpenJDK 64-Bit Server VM (17.0.11+0--11852314, mixed mode, tiered, compressed oops, compressed class ptrs, g1 gc, windows-amd64)
GC Precious Log:
 CPUs: 8 total, 8 available
 Memory: 7995M
 Large Page Support: Disabled
 NUMA Support: Disabled
 Compressed Oops: Enabled (32-bit)
 Heap Region Size: 1M
 Heap Min Capacity: 8M
 Heap Initial Capacity: 126M
 Heap Max Capacity: 2G
 Pre-touch: Disabled
 Parallel Workers: 8
 Concurrent Workers: 2
 Concurrent Refinement Workers: 8
 Periodic GC: Disabled
Heap:
 garbage-first heap   total 234496K, used 170191K [0x0000000080000000, 0x0000000100000000)
  region size 1024K, 10 young (10240K), 2 survivors (2048K)
 Metaspace       used 143517K, committed 144640K, reserved 1179648K
  class space    used 19978K, committed 20544K, reserved 1048576K
GC Heap History (20 events):
Event: 1524.903 GC heap before
{Heap before GC invocations=58 (full 0):
 garbage-first heap   total 234496K, used 191340K [0x0000000080000000, 0x0000000100000000)
  region size 1024K, 48 young (49152K), 2 survivors (2048K)
 Metaspace       used 119589K, committed 120512K, reserved 1179648K
  class space    used 16336K, committed 16768K, reserved 1048576K
}
Event: 1524.913 GC heap after
{Heap after GC invocations=59 (full 0):
 garbage-first heap   total 234496K, used 154136K [0x0000000080000000, 0x0000000100000000)
  region size 1024K, 6 young (6144K), 6 survivors (6144K)
 Metaspace       used 119589K, committed 120512K, reserved 1179648K
  class space    used 16336K, committed 16768K, reserved 1048576K
}
Event: 1526.008 GC heap before
{Heap before GC invocations=59 (full 0):
 garbage-first heap   total 234496K, used 188952K [0x0000000080000000, 0x0000000100000000)
  region size 1024K, 41 young (41984K), 6 survivors (6144K)
 Metaspace       used 122043K, committed 123008K, reserved 1179648K
  class space    used 16642K, committed 17088K, reserved 1048576K
}
Event: 1526.019 GC heap after
{Heap after GC invocations=60 (full 0):
 garbage-first heap   total 234496K, used 153590K [0x0000000080000000, 0x0000000100000000)
  region size 1024K, 4 young (4096K), 4 survivors (4096K)
 Metaspace       used 122043K, committed 123008K, reserved 1179648K
  class space    used 16642K, committed 17088K, reserved 1048576K
}
Event: 1527.049 GC heap before
{Heap before GC invocations=60 (full 0):
 garbage-first heap   total 234496K, used 190454K [0x0000000080000000, 0x0000000100000000)
  region size 1024K, 41 young (41984K), 4 survivors (4096K)
 Metaspace       used 126143K, committed 127104K, reserved 1179648K
  class space    used 17257K, committed 17728K, reserved 1048576K
}
Event: 1527.061 GC heap after
{Heap after GC invocations=61 (full 0):
 garbage-first heap   total 234496K, used 155069K [0x0000000080000000, 0x0000000100000000)
  region size 1024K, 5 young (5120K), 5 survivors (5120K)
 Metaspace       used 126143K, committed 127104K, reserved 1179648K
  class space    used 17257K, committed 17728K, reserved 1048576K
}
Event: 1527.585 GC heap before
{Heap before GC invocations=61 (full 0):
 garbage-first heap   total 234496K, used 193981K [0x0000000080000000, 0x0000000100000000)
  region size 1024K, 44 young (45056K), 5 survivors (5120K)
 Metaspace       used 131182K, committed 132160K, reserved 1179648K
  class space    used 18092K, committed 18560K, reserved 1048576K
}
Event: 1527.595 GC heap after
{Heap after GC invocations=62 (full 0):
 garbage-first heap   total 234496K, used 156621K [0x0000000080000000, 0x0000000100000000)
  region size 1024K, 4 young (4096K), 4 survivors (4096K)
 Metaspace       used 131182K, committed 132160K, reserved 1179648K
  class space    used 18092K, committed 18560K, reserved 1048576K
}
Event: 1528.111 GC heap before
{Heap before GC invocations=62 (full 0):
 garbage-first heap   total 234496K, used 195533K [0x0000000080000000, 0x0000000100000000)
  region size 1024K, 43 young (44032K), 4 survivors (4096K)
 Metaspace       used 135544K, committed 136512K, reserved 1179648K
  class space    used 18860K, committed 19328K, reserved 1048576K
}
Event: 1528.120 GC heap after
{Heap after GC invocations=63 (full 0):
 garbage-first heap   total 234496K, used 158043K [0x0000000080000000, 0x0000000100000000)
  region size 1024K, 5 young (5120K), 5 survivors (5120K)
 Metaspace       used 135544K, committed 136512K, reserved 1179648K
  class space    used 18860K, committed 19328K, reserved 1048576K
}
Event: 1528.706 GC heap before
{Heap before GC invocations=63 (full 0):
 garbage-first heap   total 234496K, used 197979K [0x0000000080000000, 0x0000000100000000)
  region size 1024K, 45 young (46080K), 5 survivors (5120K)
 Metaspace       used 136841K, committed 137856K, reserved 1179648K
  class space    used 19016K, committed 19520K, reserved 1048576K
}
Event: 1528.712 GC heap after
{Heap after GC invocations=64 (full 0):
 garbage-first heap   total 234496K, used 158230K [0x0000000080000000, 0x0000000100000000)
  region size 1024K, 4 young (4096K), 4 survivors (4096K)
 Metaspace       used 136841K, committed 137856K, reserved 1179648K
  class space    used 19016K, committed 19520K, reserved 1048576K
}
Event: 1529.261 GC heap before
{Heap before GC invocations=64 (full 0):
 garbage-first heap   total 234496K, used 198166K [0x0000000080000000, 0x0000000100000000)
  region size 1024K, 44 young (45056K), 4 survivors (4096K)
 Metaspace       used 139358K, committed 140416K, reserved 1179648K
  class space    used 19408K, committed 19968K, reserved 1048576K
}
Event: 1529.269 GC heap after
{Heap after GC invocations=65 (full 0):
 garbage-first heap   total 234496K, used 160190K [0x0000000080000000, 0x0000000100000000)
  region size 1024K, 4 young (4096K), 4 survivors (4096K)
 Metaspace       used 139358K, committed 140416K, reserved 1179648K
  class space    used 19408K, committed 19968K, reserved 1048576K
}
Event: 1530.149 GC heap before
{Heap before GC invocations=65 (full 0):
 garbage-first heap   total 234496K, used 200126K [0x0000000080000000, 0x0000000100000000)
  region size 1024K, 44 young (45056K), 4 survivors (4096K)
 Metaspace       used 141113K, committed 142208K, reserved 1179648K
  class space    used 19657K, committed 20224K, reserved 1048576K
}
Event: 1530.156 GC heap after
{Heap after GC invocations=66 (full 0):
 garbage-first heap   total 234496K, used 159700K [0x0000000080000000, 0x0000000100000000)
  region size 1024K, 3 young (3072K), 3 survivors (3072K)
 Metaspace       used 141113K, committed 142208K, reserved 1179648K
  class space    used 19657K, committed 20224K, reserved 1048576K
}
Event: 1531.269 GC heap before
{Heap before GC invocations=66 (full 0):
 garbage-first heap   total 234496K, used 197588K [0x0000000080000000, 0x0000000100000000)
  region size 1024K, 28 young (28672K), 3 survivors (3072K)
 Metaspace       used 143075K, committed 144192K, reserved 1179648K
  class space    used 19917K, committed 20480K, reserved 1048576K
}
Event: 1531.284 GC heap after
{Heap after GC invocations=67 (full 0):
 garbage-first heap   total 234496K, used 176397K [0x0000000080000000, 0x0000000100000000)
  region size 1024K, 5 young (5120K), 5 survivors (5120K)
 Metaspace       used 143075K, committed 144192K, reserved 1179648K
  class space    used 19917K, committed 20480K, reserved 1048576K
}
Event: 1638.574 GC heap before
{Heap before GC invocations=67 (full 0):
 garbage-first heap   total 234496K, used 207117K [0x0000000080000000, 0x0000000100000000)
  region size 1024K, 31 young (31744K), 5 survivors (5120K)
 Metaspace       used 143458K, committed 144576K, reserved 1179648K
  class space    used 19975K, committed 20544K, reserved 1048576K
}
Event: 1638.635 GC heap after
{Heap after GC invocations=68 (full 0):
 garbage-first heap   total 234496K, used 163023K [0x0000000080000000, 0x0000000100000000)
  region size 1024K, 2 young (2048K), 2 survivors (2048K)
 Metaspace       used 143458K, committed 144576K, reserved 1179648K
  class space    used 19975K, committed 20544K, reserved 1048576K
}

