# JRE version: OpenJDK Runtime Environment (17.0.11) (build 17.0.11+0--11852314)
# Java VM: OpenJDK 64-Bit Server VM (17.0.11+0--11852314, mixed mode, tiered, compressed oops, compressed class ptrs, g1 gc, windows-amd64)
GC Precious Log:
 CPUs: 8 total, 8 available
 Memory: 7995M
 Large Page Support: Disabled
 NUMA Support: Disabled
 Compressed Oops: Enabled (32-bit)
 Heap Region Size: 1M
 Heap Min Capacity: 8M
 Heap Initial Capacity: 126M
 Heap Max Capacity: 2G
 Pre-touch: Disabled
 Parallel Workers: 8
 Concurrent Workers: 2
 Concurrent Refinement Workers: 8
 Periodic GC: Disabled
Heap:
 garbage-first heap   total 354304K, used 245605K [0x0000000080000000, 0x0000000100000000)
  region size 1024K, 132 young (135168K), 5 survivors (5120K)
 Metaspace       used 126173K, committed 127104K, reserved 1179648K
  class space    used 17926K, committed 18368K, reserved 1048576K
GC Heap History (20 events):
Event: 16.083 GC heap before
{Heap before GC invocations=35 (full 0):
 garbage-first heap   total 182272K, used 150177K [0x0000000080000000, 0x0000000100000000)
  region size 1024K, 57 young (58368K), 3 survivors (3072K)
 Metaspace       used 100093K, committed 100800K, reserved 1179648K
  class space    used 13966K, committed 14272K, reserved 1048576K
}
Event: 16.089 GC heap after
{Heap after GC invocations=36 (full 0):
 garbage-first heap   total 182272K, used 98665K [0x0000000080000000, 0x0000000100000000)
  region size 1024K, 7 young (7168K), 7 survivors (7168K)
 Metaspace       used 100093K, committed 100800K, reserved 1179648K
  class space    used 13966K, committed 14272K, reserved 1048576K
}
Event: 16.105 GC heap before
{Heap before GC invocations=36 (full 0):
 garbage-first heap   total 182272K, used 98665K [0x0000000080000000, 0x0000000100000000)
  region size 1024K, 8 young (8192K), 7 survivors (7168K)
 Metaspace       used 100251K, committed 100992K, reserved 1179648K
  class space    used 13994K, committed 14336K, reserved 1048576K
}
Event: 16.112 GC heap after
{Heap after GC invocations=37 (full 0):
 garbage-first heap   total 182272K, used 98248K [0x0000000080000000, 0x0000000100000000)
  region size 1024K, 1 young (1024K), 1 survivors (1024K)
 Metaspace       used 100251K, committed 100992K, reserved 1179648K
  class space    used 13994K, committed 14336K, reserved 1048576K
}
Event: 16.642 GC heap before
{Heap before GC invocations=37 (full 0):
 garbage-first heap   total 182272K, used 150472K [0x0000000080000000, 0x0000000100000000)
  region size 1024K, 53 young (54272K), 1 survivors (1024K)
 Metaspace       used 101866K, committed 102656K, reserved 1179648K
  class space    used 14259K, committed 14592K, reserved 1048576K
}
Event: 16.648 GC heap after
{Heap after GC invocations=38 (full 0):
 garbage-first heap   total 182272K, used 103043K [0x0000000080000000, 0x0000000100000000)
  region size 1024K, 6 young (6144K), 6 survivors (6144K)
 Metaspace       used 101866K, committed 102656K, reserved 1179648K
  class space    used 14259K, committed 14592K, reserved 1048576K
}
Event: 16.977 GC heap before
{Heap before GC invocations=38 (full 0):
 garbage-first heap   total 182272K, used 151171K [0x0000000080000000, 0x0000000100000000)
  region size 1024K, 53 young (54272K), 6 survivors (6144K)
 Metaspace       used 102282K, committed 103040K, reserved 1179648K
  class space    used 14313K, committed 14656K, reserved 1048576K
}
Event: 16.984 GC heap after
{Heap after GC invocations=39 (full 0):
 garbage-first heap   total 182272K, used 105396K [0x0000000080000000, 0x0000000100000000)
  region size 1024K, 5 young (5120K), 5 survivors (5120K)
 Metaspace       used 102282K, committed 103040K, reserved 1179648K
  class space    used 14313K, committed 14656K, reserved 1048576K
}
Event: 17.379 GC heap before
{Heap before GC invocations=39 (full 0):
 garbage-first heap   total 182272K, used 149428K [0x0000000080000000, 0x0000000100000000)
  region size 1024K, 49 young (50176K), 5 survivors (5120K)
 Metaspace       used 102622K, committed 103424K, reserved 1179648K
  class space    used 14344K, committed 14720K, reserved 1048576K
}
Event: 17.383 GC heap after
{Heap after GC invocations=40 (full 0):
 garbage-first heap   total 182272K, used 106754K [0x0000000080000000, 0x0000000100000000)
  region size 1024K, 5 young (5120K), 5 survivors (5120K)
 Metaspace       used 102622K, committed 103424K, reserved 1179648K
  class space    used 14344K, committed 14720K, reserved 1048576K
}
Event: 17.656 GC heap before
{Heap before GC invocations=40 (full 0):
 garbage-first heap   total 182272K, used 148738K [0x0000000080000000, 0x0000000100000000)
  region size 1024K, 47 young (48128K), 5 survivors (5120K)
 Metaspace       used 102763K, committed 103552K, reserved 1179648K
  class space    used 14358K, committed 14720K, reserved 1048576K
}
Event: 17.661 GC heap after
{Heap after GC invocations=41 (full 0):
 garbage-first heap   total 182272K, used 108778K [0x0000000080000000, 0x0000000100000000)
  region size 1024K, 5 young (5120K), 5 survivors (5120K)
 Metaspace       used 102763K, committed 103552K, reserved 1179648K
  class space    used 14358K, committed 14720K, reserved 1048576K
}
Event: 17.937 GC heap before
{Heap before GC invocations=41 (full 0):
 garbage-first heap   total 182272K, used 149738K [0x0000000080000000, 0x0000000100000000)
  region size 1024K, 46 young (47104K), 5 survivors (5120K)
 Metaspace       used 102969K, committed 103680K, reserved 1179648K
  class space    used 14387K, committed 14720K, reserved 1048576K
}
Event: 17.942 GC heap after
{Heap after GC invocations=42 (full 0):
 garbage-first heap   total 182272K, used 109952K [0x0000000080000000, 0x0000000100000000)
  region size 1024K, 4 young (4096K), 4 survivors (4096K)
 Metaspace       used 102969K, committed 103680K, reserved 1179648K
  class space    used 14387K, committed 14720K, reserved 1048576K
}
Event: 18.420 GC heap before
{Heap before GC invocations=42 (full 0):
 garbage-first heap   total 182272K, used 157056K [0x0000000080000000, 0x0000000100000000)
  region size 1024K, 44 young (45056K), 4 survivors (4096K)
 Metaspace       used 105642K, committed 106496K, reserved 1179648K
  class space    used 14692K, committed 15104K, reserved 1048576K
}
Event: 18.426 GC heap after
{Heap after GC invocations=43 (full 0):
 garbage-first heap   total 354304K, used 112210K [0x0000000080000000, 0x0000000100000000)
  region size 1024K, 4 young (4096K), 4 survivors (4096K)
 Metaspace       used 105642K, committed 106496K, reserved 1179648K
  class space    used 14692K, committed 15104K, reserved 1048576K
}
Event: 19.922 GC heap before
{Heap before GC invocations=43 (full 0):
 garbage-first heap   total 354304K, used 266834K [0x0000000080000000, 0x0000000100000000)
  region size 1024K, 156 young (159744K), 4 survivors (4096K)
 Metaspace       used 119680K, committed 120512K, reserved 1179648K
  class space    used 17031K, committed 17408K, reserved 1048576K
}
Event: 19.941 GC heap after
{Heap after GC invocations=44 (full 0):
 garbage-first heap   total 354304K, used 122921K [0x0000000080000000, 0x0000000100000000)
  region size 1024K, 15 young (15360K), 15 survivors (15360K)
 Metaspace       used 119680K, committed 120512K, reserved 1179648K
  class space    used 17031K, committed 17408K, reserved 1048576K
}
Event: 21.535 GC heap before
{Heap before GC invocations=44 (full 0):
 garbage-first heap   total 354304K, used 267305K [0x0000000080000000, 0x0000000100000000)
  region size 1024K, 156 young (159744K), 15 survivors (15360K)
 Metaspace       used 123455K, committed 124352K, reserved 1179648K
  class space    used 17552K, committed 17984K, reserved 1048576K
}
Event: 21.545 GC heap after
{Heap after GC invocations=45 (full 0):
 garbage-first heap   total 354304K, used 116581K [0x0000000080000000, 0x0000000100000000)
  region size 1024K, 5 young (5120K), 5 survivors (5120K)
 Metaspace       used 123455K, committed 124352K, reserved 1179648K
  class space    used 17552K, committed 17984K, reserved 1048576K
}

