# JRE version: OpenJDK Runtime Environment (17.0.11) (build 17.0.11+0--11852314)
# Java VM: OpenJDK 64-Bit Server VM (17.0.11+0--11852314, mixed mode, tiered, compressed oops, compressed class ptrs, g1 gc, windows-amd64)
GC Precious Log:
 CPUs: 8 total, 8 available
 Memory: 7995M
 Large Page Support: Disabled
 NUMA Support: Disabled
 Compressed Oops: Enabled (32-bit)
 Heap Region Size: 1M
 Heap Min Capacity: 8M
 Heap Initial Capacity: 126M
 Heap Max Capacity: 2G
 Pre-touch: Disabled
 Parallel Workers: 8
 Concurrent Workers: 2
 Concurrent Refinement Workers: 8
 Periodic GC: Disabled
Heap:
 garbage-first heap   total 532480K, used 263588K [0x0000000080000000, 0x0000000100000000)
  region size 1024K, 18 young (18432K), 18 survivors (18432K)
 Metaspace       used 184144K, committed 185472K, reserved 1245184K
  class space    used 24693K, committed 25408K, reserved 1048576K
GC Heap History (20 events):
Event: 1984.638 GC heap after
{Heap after GC invocations=104 (full 0):
 garbage-first heap   total 425984K, used 274584K [0x0000000080000000, 0x0000000100000000)
  region size 1024K, 16 young (16384K), 16 survivors (16384K)
 Metaspace       used 181246K, committed 183040K, reserved 1245184K
  class space    used 24629K, committed 25408K, reserved 1048576K
}
Event: 1984.826 GC heap before
{Heap before GC invocations=104 (full 0):
 garbage-first heap   total 425984K, used 299160K [0x0000000080000000, 0x0000000100000000)
  region size 1024K, 20 young (20480K), 16 survivors (16384K)
 Metaspace       used 181292K, committed 183040K, reserved 1245184K
  class space    used 24634K, committed 25408K, reserved 1048576K
}
Event: 1984.858 GC heap after
{Heap after GC invocations=105 (full 0):
 garbage-first heap   total 425984K, used 274802K [0x0000000080000000, 0x0000000100000000)
  region size 1024K, 3 young (3072K), 3 survivors (3072K)
 Metaspace       used 181292K, committed 183040K, reserved 1245184K
  class space    used 24634K, committed 25408K, reserved 1048576K
}
Event: 1988.204 GC heap before
{Heap before GC invocations=105 (full 0):
 garbage-first heap   total 425984K, used 339314K [0x0000000080000000, 0x0000000100000000)
  region size 1024K, 67 young (68608K), 3 survivors (3072K)
 Metaspace       used 181559K, committed 183104K, reserved 1245184K
  class space    used 24650K, committed 25408K, reserved 1048576K
}
Event: 1988.213 GC heap after
{Heap after GC invocations=106 (full 0):
 garbage-first heap   total 425984K, used 276409K [0x0000000080000000, 0x0000000100000000)
  region size 1024K, 5 young (5120K), 5 survivors (5120K)
 Metaspace       used 181559K, committed 183104K, reserved 1245184K
  class space    used 24650K, committed 25408K, reserved 1048576K
}
Event: 1993.565 GC heap before
{Heap before GC invocations=107 (full 0):
 garbage-first heap   total 532480K, used 335801K [0x0000000080000000, 0x0000000100000000)
  region size 1024K, 72 young (73728K), 5 survivors (5120K)
 Metaspace       used 181278K, committed 183104K, reserved 1245184K
  class space    used 24537K, committed 25408K, reserved 1048576K
}
Event: 1993.576 GC heap after
{Heap after GC invocations=108 (full 0):
 garbage-first heap   total 532480K, used 270761K [0x0000000080000000, 0x0000000100000000)
  region size 1024K, 7 young (7168K), 7 survivors (7168K)
 Metaspace       used 181278K, committed 183104K, reserved 1245184K
  class space    used 24537K, committed 25408K, reserved 1048576K
}
Event: 1993.750 GC heap before
{Heap before GC invocations=108 (full 0):
 garbage-first heap   total 532480K, used 289193K [0x0000000080000000, 0x0000000100000000)
  region size 1024K, 26 young (26624K), 7 survivors (7168K)
 Metaspace       used 181353K, committed 183104K, reserved 1245184K
  class space    used 24538K, committed 25408K, reserved 1048576K
}
Event: 1993.792 GC heap after
{Heap after GC invocations=109 (full 0):
 garbage-first heap   total 532480K, used 241095K [0x0000000080000000, 0x0000000100000000)
  region size 1024K, 3 young (3072K), 3 survivors (3072K)
 Metaspace       used 181353K, committed 183104K, reserved 1245184K
  class space    used 24538K, committed 25408K, reserved 1048576K
}
Event: 1994.178 GC heap before
{Heap before GC invocations=109 (full 0):
 garbage-first heap   total 532480K, used 269767K [0x0000000080000000, 0x0000000100000000)
  region size 1024K, 26 young (26624K), 3 survivors (3072K)
 Metaspace       used 181671K, committed 183168K, reserved 1245184K
  class space    used 24561K, committed 25408K, reserved 1048576K
}
Event: 1994.192 GC heap after
{Heap after GC invocations=110 (full 0):
 garbage-first heap   total 532480K, used 249312K [0x0000000080000000, 0x0000000100000000)
  region size 1024K, 4 young (4096K), 4 survivors (4096K)
 Metaspace       used 181671K, committed 183168K, reserved 1245184K
  class space    used 24561K, committed 25408K, reserved 1048576K
}
Event: 1996.023 GC heap before
{Heap before GC invocations=110 (full 0):
 garbage-first heap   total 532480K, used 444896K [0x0000000080000000, 0x0000000100000000)
  region size 1024K, 172 young (176128K), 4 survivors (4096K)
 Metaspace       used 182594K, committed 183936K, reserved 1245184K
  class space    used 24583K, committed 25408K, reserved 1048576K
}
Event: 1996.032 GC heap after
{Heap after GC invocations=111 (full 0):
 garbage-first heap   total 532480K, used 249374K [0x0000000080000000, 0x0000000100000000)
  region size 1024K, 7 young (7168K), 7 survivors (7168K)
 Metaspace       used 182594K, committed 183936K, reserved 1245184K
  class space    used 24583K, committed 25408K, reserved 1048576K
}
Event: 2091.340 GC heap before
{Heap before GC invocations=111 (full 0):
 garbage-first heap   total 532480K, used 412190K [0x0000000080000000, 0x0000000100000000)
  region size 1024K, 168 young (172032K), 7 survivors (7168K)
 Metaspace       used 183284K, committed 184640K, reserved 1245184K
  class space    used 24647K, committed 25408K, reserved 1048576K
}
Event: 2091.375 GC heap after
{Heap after GC invocations=112 (full 0):
 garbage-first heap   total 532480K, used 261594K [0x0000000080000000, 0x0000000100000000)
  region size 1024K, 18 young (18432K), 18 survivors (18432K)
 Metaspace       used 183284K, committed 184640K, reserved 1245184K
  class space    used 24647K, committed 25408K, reserved 1048576K
}
Event: 2165.155 GC heap before
{Heap before GC invocations=113 (full 0):
 garbage-first heap   total 532480K, used 448986K [0x0000000080000000, 0x0000000100000000)
  region size 1024K, 183 young (187392K), 18 survivors (18432K)
 Metaspace       used 183526K, committed 184832K, reserved 1245184K
  class space    used 24647K, committed 25408K, reserved 1048576K
}
Event: 2165.238 GC heap after
{Heap after GC invocations=114 (full 0):
 garbage-first heap   total 532480K, used 261947K [0x0000000080000000, 0x0000000100000000)
  region size 1024K, 5 young (5120K), 5 survivors (5120K)
 Metaspace       used 183526K, committed 184832K, reserved 1245184K
  class space    used 24647K, committed 25408K, reserved 1048576K
}
Event: 2165.683 GC heap before
{Heap before GC invocations=114 (full 0):
 garbage-first heap   total 532480K, used 283451K [0x0000000080000000, 0x0000000100000000)
  region size 1024K, 26 young (26624K), 5 survivors (5120K)
 Metaspace       used 183600K, committed 184960K, reserved 1245184K
  class space    used 24654K, committed 25408K, reserved 1048576K
}
Event: 2165.761 GC heap after
{Heap after GC invocations=115 (full 0):
 garbage-first heap   total 532480K, used 249196K [0x0000000080000000, 0x0000000100000000)
  region size 1024K, 4 young (4096K), 4 survivors (4096K)
 Metaspace       used 183600K, committed 184960K, reserved 1245184K
  class space    used 24654K, committed 25408K, reserved 1048576K
}
Event: 2276.916 GC heap before
{Heap before GC invocations=115 (full 0):
 garbage-first heap   total 532480K, used 453996K [0x0000000080000000, 0x0000000100000000)
  region size 1024K, 185 young (189440K), 4 survivors (4096K)
 Metaspace       used 184144K, committed 185472K, reserved 1245184K
  class space    used 24693K, committed 25408K, reserved 1048576K
}

