# JRE version: OpenJDK Runtime Environment (17.0.11) (build 17.0.11+0--11852314)
# Java VM: OpenJDK 64-Bit Server VM (17.0.11+0--11852314, mixed mode, tiered, compressed oops, compressed class ptrs, g1 gc, windows-amd64)
GC Precious Log:
 CPUs: 8 total, 8 available
 Memory: 7995M
 Large Page Support: Disabled
 NUMA Support: Disabled
 Compressed Oops: Enabled (32-bit)
 Heap Region Size: 1M
 Heap Min Capacity: 8M
 Heap Initial Capacity: 126M
 Heap Max Capacity: 2G
 Pre-touch: Disabled
 Parallel Workers: 8
 Concurrent Workers: 2
 Concurrent Refinement Workers: 8
 Periodic GC: Disabled
Heap:
 garbage-first heap   total 223232K, used 150184K [0x0000000080000000, 0x0000000100000000)
  region size 1024K, 3 young (3072K), 3 survivors (3072K)
 Metaspace       used 121354K, committed 122240K, reserved 1179648K
  class space    used 16576K, committed 17024K, reserved 1048576K
GC Heap History (20 events):
Event: 20.706 GC heap after
{Heap after GC invocations=40 (full 0):
 garbage-first heap   total 223232K, used 109274K [0x0000000080000000, 0x0000000100000000)
  region size 1024K, 6 young (6144K), 6 survivors (6144K)
 Metaspace       used 102693K, committed 103424K, reserved 1179648K
  class space    used 14338K, committed 14656K, reserved 1048576K
}
Event: 21.485 GC heap before
{Heap before GC invocations=40 (full 0):
 garbage-first heap   total 223232K, used 181978K [0x0000000080000000, 0x0000000100000000)
  region size 1024K, 78 young (79872K), 6 survivors (6144K)
 Metaspace       used 102881K, committed 103680K, reserved 1179648K
  class space    used 14352K, committed 14720K, reserved 1048576K
}
Event: 21.493 GC heap after
{Heap after GC invocations=41 (full 0):
 garbage-first heap   total 223232K, used 111494K [0x0000000080000000, 0x0000000100000000)
  region size 1024K, 8 young (8192K), 8 survivors (8192K)
 Metaspace       used 102881K, committed 103680K, reserved 1179648K
  class space    used 14352K, committed 14720K, reserved 1048576K
}
Event: 22.739 GC heap before
{Heap before GC invocations=41 (full 0):
 garbage-first heap   total 223232K, used 182150K [0x0000000080000000, 0x0000000100000000)
  region size 1024K, 79 young (80896K), 8 survivors (8192K)
 Metaspace       used 105863K, committed 106688K, reserved 1179648K
  class space    used 14728K, committed 15168K, reserved 1048576K
}
Event: 22.751 GC heap after
{Heap after GC invocations=42 (full 0):
 garbage-first heap   total 223232K, used 115869K [0x0000000080000000, 0x0000000100000000)
  region size 1024K, 10 young (10240K), 10 survivors (10240K)
 Metaspace       used 105863K, committed 106688K, reserved 1179648K
  class space    used 14728K, committed 15168K, reserved 1048576K
}
Event: 23.471 GC heap before
{Heap before GC invocations=43 (full 0):
 garbage-first heap   total 223232K, used 181405K [0x0000000080000000, 0x0000000100000000)
  region size 1024K, 75 young (76800K), 10 survivors (10240K)
 Metaspace       used 106986K, committed 107840K, reserved 1179648K
  class space    used 14897K, committed 15296K, reserved 1048576K
}
Event: 23.486 GC heap after
{Heap after GC invocations=44 (full 0):
 garbage-first heap   total 223232K, used 118474K [0x0000000080000000, 0x0000000100000000)
  region size 1024K, 6 young (6144K), 6 survivors (6144K)
 Metaspace       used 106986K, committed 107840K, reserved 1179648K
  class space    used 14897K, committed 15296K, reserved 1048576K
}
Event: 23.515 GC heap before
{Heap before GC invocations=44 (full 0):
 garbage-first heap   total 223232K, used 122570K [0x0000000080000000, 0x0000000100000000)
  region size 1024K, 10 young (10240K), 6 survivors (6144K)
 Metaspace       used 106986K, committed 107840K, reserved 1179648K
  class space    used 14897K, committed 15296K, reserved 1048576K
}
Event: 23.521 GC heap after
{Heap after GC invocations=45 (full 0):
 garbage-first heap   total 223232K, used 116121K [0x0000000080000000, 0x0000000100000000)
  region size 1024K, 2 young (2048K), 2 survivors (2048K)
 Metaspace       used 106986K, committed 107840K, reserved 1179648K
  class space    used 14897K, committed 15296K, reserved 1048576K
}
Event: 161.488 GC heap before
{Heap before GC invocations=45 (full 0):
 garbage-first heap   total 223232K, used 182681K [0x0000000080000000, 0x0000000100000000)
  region size 1024K, 68 young (69632K), 2 survivors (2048K)
 Metaspace       used 108823K, committed 109696K, reserved 1179648K
  class space    used 15174K, committed 15616K, reserved 1048576K
}
Event: 161.576 GC heap after
{Heap after GC invocations=46 (full 0):
 garbage-first heap   total 223232K, used 119247K [0x0000000080000000, 0x0000000100000000)
  region size 1024K, 5 young (5120K), 5 survivors (5120K)
 Metaspace       used 108823K, committed 109696K, reserved 1179648K
  class space    used 15174K, committed 15616K, reserved 1048576K
}
Event: 163.618 GC heap before
{Heap before GC invocations=46 (full 0):
 garbage-first heap   total 223232K, used 183759K [0x0000000080000000, 0x0000000100000000)
  region size 1024K, 68 young (69632K), 5 survivors (5120K)
 Metaspace       used 109501K, committed 110464K, reserved 1179648K
  class space    used 15203K, committed 15680K, reserved 1048576K
}
Event: 163.644 GC heap after
{Heap after GC invocations=47 (full 0):
 garbage-first heap   total 223232K, used 127784K [0x0000000080000000, 0x0000000100000000)
  region size 1024K, 9 young (9216K), 9 survivors (9216K)
 Metaspace       used 109501K, committed 110464K, reserved 1179648K
  class space    used 15203K, committed 15680K, reserved 1048576K
}
Event: 171.596 GC heap before
{Heap before GC invocations=47 (full 0):
 garbage-first heap   total 223232K, used 188200K [0x0000000080000000, 0x0000000100000000)
  region size 1024K, 64 young (65536K), 9 survivors (9216K)
 Metaspace       used 111221K, committed 112192K, reserved 1179648K
  class space    used 15333K, committed 15808K, reserved 1048576K
}
Event: 171.621 GC heap after
{Heap after GC invocations=48 (full 0):
 garbage-first heap   total 223232K, used 134414K [0x0000000080000000, 0x0000000100000000)
  region size 1024K, 7 young (7168K), 7 survivors (7168K)
 Metaspace       used 111221K, committed 112192K, reserved 1179648K
  class space    used 15333K, committed 15808K, reserved 1048576K
}
Event: 172.331 GC heap before
{Heap before GC invocations=48 (full 0):
 garbage-first heap   total 223232K, used 185614K [0x0000000080000000, 0x0000000100000000)
  region size 1024K, 56 young (57344K), 7 survivors (7168K)
 Metaspace       used 115211K, committed 116160K, reserved 1179648K
  class space    used 15901K, committed 16384K, reserved 1048576K
}
Event: 172.345 GC heap after
{Heap after GC invocations=49 (full 0):
 garbage-first heap   total 223232K, used 139452K [0x0000000080000000, 0x0000000100000000)
  region size 1024K, 7 young (7168K), 7 survivors (7168K)
 Metaspace       used 115211K, committed 116160K, reserved 1179648K
  class space    used 15901K, committed 16384K, reserved 1048576K
}
Event: 172.920 GC heap before
{Heap before GC invocations=49 (full 0):
 garbage-first heap   total 223232K, used 186556K [0x0000000080000000, 0x0000000100000000)
  region size 1024K, 50 young (51200K), 7 survivors (7168K)
 Metaspace       used 119470K, committed 120320K, reserved 1179648K
  class space    used 16357K, committed 16768K, reserved 1048576K
}
Event: 172.942 GC heap after
{Heap after GC invocations=50 (full 0):
 garbage-first heap   total 223232K, used 152810K [0x0000000080000000, 0x0000000100000000)
  region size 1024K, 7 young (7168K), 7 survivors (7168K)
 Metaspace       used 119470K, committed 120320K, reserved 1179648K
  class space    used 16357K, committed 16768K, reserved 1048576K
}
Event: 173.610 GC heap before
{Heap before GC invocations=50 (full 0):
 garbage-first heap   total 223232K, used 182506K [0x0000000080000000, 0x0000000100000000)
  region size 1024K, 37 young (37888K), 7 survivors (7168K)
 Metaspace       used 121354K, committed 122240K, reserved 1179648K
  class space    used 16576K, committed 17024K, reserved 1048576K
}

